<?xml version="1.0" encoding="UTF-8"?>
<!-- Generated by org.testng.reporters.JUnitXMLReporter -->
<testsuite ignored="0" hostname="Viveks-MBP.attlocal.net" failures="0" tests="3" name="Default test" time="8.38" errors="0" timestamp="2022-09-01T14:13:22 EDT">
  <testcase classname="com.datadriven.method.CRMLoginDataProvider" name="CRMLogin" time="3.623"/>
  <testcase classname="com.datadriven.method.CRMLoginDataProvider" name="CRMLogin" time="2.252"/>
  <testcase classname="com.datadriven.method.CRMLoginDataProvider" name="CRMLogin" time="2.469"/>
</testsuite> <!-- Default test -->
