<?xml version="1.0" encoding="UTF-8"?>
<testng-results ignored="0" total="3" passed="3" failed="0" skipped="0">
  <reporter-output>
  </reporter-output>
  <suite started-at="2022-09-01T14:13:14 EDT" name="Default suite" finished-at="2022-09-01T14:13:22 EDT" duration-ms="8380">
    <groups>
    </groups>
    <test started-at="2022-09-01T14:13:14 EDT" name="Default test" finished-at="2022-09-01T14:13:22 EDT" duration-ms="8380">
      <class name="com.datadriven.method.CRMLoginDataProvider">
        <test-method signature="CRMLogin(java.lang.String,java.lang.String)[pri:0, instance:com.datadriven.method.CRMLoginDataProvider@3116c353]" started-at="2022-09-01T14:13:14 EDT" name="CRMLogin" data-provider="CRMLogin" finished-at="2022-09-01T14:13:18 EDT" duration-ms="3623" status="PASS">
          <params>
            <param index="0">
              <value>
                <![CDATA[guga]]>
              </value>
            </param>
            <param index="1">
              <value>
                <![CDATA[Guga@123]]>
              </value>
            </param>
          </params>
          <reporter-output>
          </reporter-output>
        </test-method> <!-- CRMLogin -->
        <test-method signature="CRMLogin(java.lang.String,java.lang.String)[pri:0, instance:com.datadriven.method.CRMLoginDataProvider@3116c353]" started-at="2022-09-01T14:13:18 EDT" name="CRMLogin" data-provider="CRMLogin" finished-at="2022-09-01T14:13:20 EDT" duration-ms="2252" status="PASS">
          <params>
            <param index="0">
              <value>
                <![CDATA[vivek]]>
              </value>
            </param>
            <param index="1">
              <value>
                <![CDATA[Guga@123]]>
              </value>
            </param>
          </params>
          <reporter-output>
          </reporter-output>
        </test-method> <!-- CRMLogin -->
        <test-method signature="CRMLogin(java.lang.String,java.lang.String)[pri:0, instance:com.datadriven.method.CRMLoginDataProvider@3116c353]" started-at="2022-09-01T14:13:20 EDT" name="CRMLogin" data-provider="CRMLogin" finished-at="2022-09-01T14:13:22 EDT" duration-ms="2469" status="PASS">
          <params>
            <param index="0">
              <value>
                <![CDATA[gugavivek@icloud.com]]>
              </value>
            </param>
            <param index="1">
              <value>
                <![CDATA[Dhee@0987]]>
              </value>
            </param>
          </params>
          <reporter-output>
          </reporter-output>
        </test-method> <!-- CRMLogin -->
      </class> <!-- com.datadriven.method.CRMLoginDataProvider -->
    </test> <!-- Default test -->
  </suite> <!-- Default suite -->
</testng-results>
